<?xml version="1.0" encoding="UTF-8"?>
<!-- Generated by org.testng.reporters.JUnitXMLReporter -->
<testsuite hostname="ASDP1760PO02529" ignored="0" name="Default test" tests="7" failures="0" timestamp="28 Jun 2018 08:19:57 GMT" time="0.19" errors="0">
  <testcase name="try_adding_same_name_user" time="0.014" classname="com.qait.automation.SnlMaven.SnlTest1"/>
  <testcase name="try_adding_user_when_gamestarted" time="0.023" classname="com.qait.automation.SnlMaven.SnlTest1"/>
  <testcase name="try_deleting_user" time="0.021" classname="com.qait.automation.SnlMaven.SnlTest1"/>
  <testcase name="try_deleting_user_already_deleted" time="0.006" classname="com.qait.automation.SnlMaven.SnlTest1"/>
  <testcase name="try_deleting_user_not_registered_on_board" time="0.001" classname="com.qait.automation.SnlMaven.SnlTest1"/>
  <testcase name="try_making_invalid_turn" time="0.009" classname="com.qait.automation.SnlMaven.SnlTest1"/>
  <testcase name="trying_to_add_more_than_four_players" time="0.011" classname="com.qait.automation.SnlMaven.SnlTest1"/>
</testsuite> <!-- Default test -->
